[Lms] error: Global error handler  Invalid Refresh Token (Tue Dec 26 2023 10:4:44 }) 
[Lms] error: Global error handler  Invalid Refresh Token (Tue Dec 26 2023 10:4:46 }) 
[Lms] error: Global error handler  Invalid Refresh Token (Tue Dec 26 2023 10:4:47 }) 
[Lms] error: Global error handler  Invalid Refresh Token (Tue Dec 26 2023 10:5:3 }) 
[Lms] error: Global error handler  Invalid Refresh Token (Tue Dec 26 2023 10:5:50 }) 
[Lms] error: Global error handler  [
  {
    "code": "invalid_type",
    "expected": "string",
    "received": "undefined",
    "path": [
      "cookies",
      "refreshToken"
    ],
    "message": "Required"
  }
] (Tue Dec 26 2023 10:7:25 }) 
[Lms] error: Global error handler  Invalid Refresh Token (Tue Dec 26 2023 10:7:49 }) 
[Lms] error: Global error handler  Invalid Refresh Token (Tue Dec 26 2023 10:13:22 }) 
[Lms] error: Global error handler  Invalid Refresh Token (Tue Dec 26 2023 10:13:24 }) 
[Lms] error: Global error handler  You are not authorized (Tue Dec 26 2023 10:21:9 }) 
[Lms] error: Global error handler  You are not authorized (Tue Dec 26 2023 10:21:35 }) 
[Lms] error: Global error handler  You are not authorized (Tue Dec 26 2023 10:23:3 }) 
