[Lms] error: Global error handler  You are not authorized (Thu Dec 28 2023 10:16:0 }) 
[Lms] error: Global error handler  [
  {
    "code": "invalid_type",
    "expected": "string",
    "received": "undefined",
    "path": [
      "body",
      "avatar"
    ],
    "message": "Avatar is required."
  }
] (Thu Dec 28 2023 10:40:28 }) 
[Lms] error: Global error handler  The "path" argument must be of type string. Received an instance of Object (Thu Dec 28 2023 10:40:49 }) 
[Lms] error: Global error handler  The "path" argument must be of type string. Received an instance of Object (Thu Dec 28 2023 10:42:0 }) 
[Lms] error: Global error handler  The "path" argument must be of type string. Received an instance of Object (Thu Dec 28 2023 10:42:27 }) 
[Lms] error: Global error handler  The "path" argument must be of type string. Received an instance of Object (Thu Dec 28 2023 10:46:7 }) 
[Lms] error: Global error handler  The "path" argument must be of type string. Received an instance of Object (Thu Dec 28 2023 10:47:5 }) 
[Lms] error: Global error handler  The "path" argument must be of type string. Received an instance of Object (Thu Dec 28 2023 10:47:53 }) 
[Lms] error: Global error handler  The "path" argument must be of type string. Received an instance of Object (Thu Dec 28 2023 10:50:4 }) 
[Lms] error: Global error handler  The "path" argument must be of type string. Received an instance of Object (Thu Dec 28 2023 10:50:52 }) 
[Lms] error: Global error handler  The "path" argument must be of type string. Received an instance of Object (Thu Dec 28 2023 10:52:10 }) 
[Lms] error: Global error handler  The "path" argument must be of type string. Received an instance of Object (Thu Dec 28 2023 10:52:32 }) 
