[Lms] error: Global error handler  User does not exist (Sun Dec 31 2023 12:15:38 }) 
[Lms] error: Global error handler  User does not exist (Sun Dec 31 2023 12:17:24 }) 
[Lms] error: Global error handler  Please provide content id , course id and questions. (Sun Dec 31 2023 12:18:12 }) 
[Lms] error: Global error handler  Please provide content id , course id and questions. (Sun Dec 31 2023 12:19:13 }) 
[Lms] error: Global error handler  Please provide content id , course id and questions. (Sun Dec 31 2023 12:21:24 }) 
[Lms] error: Global error handler  This content is not available. (Sun Dec 31 2023 12:21:44 }) 
[Lms] error: Global error handler  This content is not available. (Sun Dec 31 2023 12:22:58 }) 
[Lms] error: Global error handler  This content is not available. (Sun Dec 31 2023 12:23:19 }) 
[Lms] error: Global error handler  This content is not available. (Sun Dec 31 2023 12:24:23 }) 
[Lms] error: Global error handler  This content is not available. (Sun Dec 31 2023 12:25:21 }) 
[Lms] error: Global error handler  This content is not available. (Sun Dec 31 2023 12:25:51 }) 
[Lms] error: Global error handler  This content is not available. (Sun Dec 31 2023 12:26:54 }) 
[Lms] error: Global error handler  You are not eligible for this course. (Sun Dec 31 2023 12:29:1 }) 
[Lms] error: Global error handler  You are not eligible for this course. (Sun Dec 31 2023 12:30:42 }) 
[Lms] error: Global error handler  You are not eligible for this course. (Sun Dec 31 2023 12:31:13 }) 
[Lms] error: Global error handler  You are not eligible for this course. (Sun Dec 31 2023 12:32:52 }) 
[Lms] error: Global error handler  You are not eligible for this course. (Sun Dec 31 2023 12:33:48 }) 
[Lms] error: Global error handler  This content is not available. (Sun Dec 31 2023 12:35:56 }) 
[Lms] error: Global error handler  This content is not available. (Sun Dec 31 2023 12:36:22 }) 
[Lms] error: Global error handler  You are not authorized (Sun Dec 31 2023 12:54:39 }) 
[Lms] error: Global error handler  Please provide content id , course id, question id and questions. (Sun Dec 31 2023 12:55:1 }) 
[Lms] error: Global error handler  Please provide content id , course id, question id and answer. (Sun Dec 31 2023 12:56:26 }) 
[Lms] error: Global error handler  Please provide content id , course id, question id and answer. (Sun Dec 31 2023 12:56:50 }) 
