[Lms] error: Global error handler  [
  {
    "code": "invalid_type",
    "expected": "string",
    "received": "undefined",
    "path": [
      "body",
      "name"
    ],
    "message": "Full name is required."
  },
  {
    "code": "invalid_type",
    "expected": "string",
    "received": "undefined",
    "path": [
      "body",
      "email"
    ],
    "message": "Email is required"
  },
  {
    "code": "invalid_type",
    "expected": "string",
    "received": "undefined",
    "path": [
      "body",
      "password"
    ],
    "message": "Password is required"
  }
] (Mon Dec 25 2023 0:19:40 }) 
